2026-02-03 21:37:07,513 - INFO - =========KNN===========
2026-02-03 21:37:07,557 - INFO - KNN Test Accuracy : 0.6799148332150461
2026-02-03 21:37:07,599 - INFO - KNN confusion matrix : [[682 354]
 [ 97 276]]
2026-02-03 21:37:07,652 - INFO - KNN classification report :               precision    recall  f1-score   support

           0       0.88      0.66      0.75      1036
           1       0.44      0.74      0.55       373

    accuracy                           0.68      1409
   macro avg       0.66      0.70      0.65      1409
weighted avg       0.76      0.68      0.70      1409

2026-02-03 21:37:07,652 - INFO - =========NB===========
2026-02-03 21:37:07,660 - INFO - Naive Bayes Test Accuracy : 0.6713981547196594
2026-02-03 21:37:07,663 - INFO - Naive Bayes confusion matrix : [[614 422]
 [ 41 332]]
2026-02-03 21:37:07,673 - INFO - Naive Bayes classification report :               precision    recall  f1-score   support

           0       0.94      0.59      0.73      1036
           1       0.44      0.89      0.59       373

    accuracy                           0.67      1409
   macro avg       0.69      0.74      0.66      1409
weighted avg       0.81      0.67      0.69      1409

2026-02-03 21:37:07,673 - INFO - =========LR===========
2026-02-03 21:37:07,736 - INFO - LogisticRegression Test Accuracy : 0.7551454932576295
2026-02-03 21:37:07,739 - INFO - LogisticRegression confusion matrix : [[754 282]
 [ 63 310]]
2026-02-03 21:37:07,748 - INFO - LogisticRegression Test Accuracy :               precision    recall  f1-score   support

           0       0.92      0.73      0.81      1036
           1       0.52      0.83      0.64       373

    accuracy                           0.76      1409
   macro avg       0.72      0.78      0.73      1409
weighted avg       0.82      0.76      0.77      1409

2026-02-03 21:37:07,748 - INFO - =========DT===========
2026-02-03 21:37:07,813 - INFO - DecisionTreeClassifier Test Accuracy : 0.723207948899929
2026-02-03 21:37:07,815 - INFO - DecisionTreeClassifier confusion matrix : [[834 202]
 [188 185]]
2026-02-03 21:37:07,821 - INFO - DecisionTreeClassifier classification report :               precision    recall  f1-score   support

           0       0.82      0.81      0.81      1036
           1       0.48      0.50      0.49       373

    accuracy                           0.72      1409
   macro avg       0.65      0.65      0.65      1409
weighted avg       0.73      0.72      0.72      1409

2026-02-03 21:37:07,821 - INFO - =========RF===========
2026-02-03 21:37:07,885 - INFO - RandomForestClassifier Test Accuracy : 0.7799858055358411
2026-02-03 21:37:07,889 - INFO - RandomForestClassifier confusion matrix : [[910 126]
 [184 189]]
2026-02-03 21:37:07,898 - INFO - RandomForestClassifier classification report :               precision    recall  f1-score   support

           0       0.83      0.88      0.85      1036
           1       0.60      0.51      0.55       373

    accuracy                           0.78      1409
   macro avg       0.72      0.69      0.70      1409
weighted avg       0.77      0.78      0.77      1409

