2026-02-03 21:36:56,953 - INFO -    customerID  gender  SeniorCitizen Partner Dependents  tenure  ... PaperlessBilling              PaymentMethod MonthlyCharges TotalCharges Churn Sim_Providers
0  7590-VHVEG  Female              0     Yes         No       1  ...              Yes           Electronic check          29.85        29.85    No          BSNL
1  5575-GNVDE    Male              0      No         No      34  ...               No               Mailed check          56.95       1889.5    No          BSNL
2  3668-QPYBK    Male              0      No         No       2  ...              Yes               Mailed check          53.85       108.15   Yes      Vodafone
3  7795-CFOCW    Male              0      No         No      45  ...               No  Bank transfer (automatic)          42.30      1840.75    No           Jio
4  9237-HQITU  Female              0      No         No       2  ...              Yes           Electronic check          70.70       151.65   Yes          BSNL

[5 rows x 22 columns]
2026-02-03 21:36:56,954 - INFO - (7043, 22)
2026-02-03 21:36:56,955 - INFO - customerID              str
gender                  str
SeniorCitizen         int64
Partner                 str
Dependents              str
tenure                int64
PhoneService            str
MultipleLines           str
InternetService         str
OnlineSecurity          str
OnlineBackup            str
DeviceProtection        str
TechSupport             str
StreamingTV             str
StreamingMovies         str
Contract                str
PaperlessBilling        str
PaymentMethod           str
MonthlyCharges      float64
TotalCharges            str
Churn                   str
Sim_Providers           str
dtype: object
2026-02-03 21:36:56,960 - INFO - customerID          0
gender              0
SeniorCitizen       0
Partner             0
Dependents          0
tenure              0
PhoneService        0
MultipleLines       0
InternetService     0
OnlineSecurity      0
OnlineBackup        0
DeviceProtection    0
TechSupport         0
StreamingTV         0
StreamingMovies     0
Contract            0
PaperlessBilling    0
PaymentMethod       0
MonthlyCharges      0
TotalCharges        0
Churn               0
Sim_Providers       0
dtype: int64
2026-02-03 21:36:56,963 - INFO - ==========================================================
2026-02-03 21:36:56,980 - INFO -       gender  SeniorCitizen Partner Dependents  tenure PhoneService  ... PaperlessBilling              PaymentMethod MonthlyCharges TotalCharges Churn Sim_Providers
1641    Male              0     Yes         No      72          Yes  ...              Yes  Bank transfer (automatic)          87.10      6230.10    No          BSNL
6078  Female              0     Yes         No      55          Yes  ...              Yes           Electronic check          90.15      4916.95    No          BSNL
4961    Male              0     Yes         No      18          Yes  ...              Yes  Bank transfer (automatic)          44.35       768.05    No      Vodafone
2982    Male              0     Yes        Yes      52          Yes  ...              Yes    Credit card (automatic)          20.85      1071.60    No           Jio
5216  Female              0     Yes         No      48           No  ...               No               Mailed check          34.70      1604.50   Yes           Jio
883   Female              0     Yes         No      67          Yes  ...              Yes           Electronic check         111.25      7511.65    No        Airtel
1040    Male              1      No         No      14          Yes  ...               No    Credit card (automatic)          90.45      1266.10   Yes      Vodafone
6810    Male              0      No         No      15           No  ...              Yes           Electronic check          29.70       438.25   Yes        Airtel
2543    Male              0      No         No      13          Yes  ...               No               Mailed check          98.15      1230.25   Yes           Jio
5174  Female              0      No         No       7          Yes  ...              Yes               Mailed check          80.30       526.70   Yes          BSNL

[10 rows x 21 columns]
2026-02-03 21:36:56,985 - INFO - gender               0
SeniorCitizen        0
Partner              0
Dependents           0
tenure               0
PhoneService         0
MultipleLines        0
InternetService      0
OnlineSecurity       0
OnlineBackup         0
DeviceProtection     0
TechSupport          0
StreamingTV          0
StreamingMovies      0
Contract             0
PaperlessBilling     0
PaymentMethod        0
MonthlyCharges       0
TotalCharges        11
Churn                0
Sim_Providers        0
dtype: int64
2026-02-03 21:36:56,985 - INFO - columnn names in dataset :Index(['gender', 'SeniorCitizen', 'Partner', 'Dependents', 'tenure',
       'PhoneService', 'MultipleLines', 'InternetService', 'OnlineSecurity',
       'OnlineBackup', 'DeviceProtection', 'TechSupport', 'StreamingTV',
       'StreamingMovies', 'Contract', 'PaperlessBilling', 'PaymentMethod',
       'MonthlyCharges', 'TotalCharges', 'Sim_Providers'],
      dtype='str')
2026-02-03 21:36:56,985 - INFO - shape of x:(7043, 20)
2026-02-03 21:36:56,986 - INFO - shape of y:0        No
1        No
2       Yes
3        No
4       Yes
       ... 
7038     No
7039     No
7040     No
7041    Yes
7042     No
Name: Churn, Length: 7043, dtype: str
2026-02-03 21:36:56,986 - INFO - (7043,)
2026-02-03 21:36:56,990 - INFO - X trainn shape :(5634, 20)
2026-02-03 21:36:56,990 - INFO - X test  shape :(1409, 20)
2026-02-03 21:36:56,990 - INFO - y train shape:(5634,)
2026-02-03 21:36:56,990 - INFO - y test shape (1409,)
2026-02-03 21:36:57,003 - INFO -    gender  SeniorCitizen Partner Dependents  tenure PhoneService  ... PaperlessBilling              PaymentMethod MonthlyCharges TotalCharges Churn Sim_Providers
0  Female              0     Yes         No       1           No  ...              Yes           Electronic check          29.85        29.85    No          BSNL
1    Male              0      No         No      34          Yes  ...               No               Mailed check          56.95      1889.50    No          BSNL
2    Male              0      No         No       2          Yes  ...              Yes               Mailed check          53.85       108.15   Yes      Vodafone
3    Male              0      No         No      45           No  ...               No  Bank transfer (automatic)          42.30      1840.75    No           Jio
4  Female              0      No         No       2          Yes  ...              Yes           Electronic check          70.70       151.65   Yes          BSNL

[5 rows x 21 columns]
2026-02-03 21:36:57,004 - INFO - null values in y_train:0
2026-02-03 21:36:57,007 - INFO - Before imputation:
gender               0
SeniorCitizen        0
Partner              0
Dependents           0
tenure               0
PhoneService         0
MultipleLines        0
InternetService      0
OnlineSecurity       0
OnlineBackup         0
DeviceProtection     0
TechSupport          0
StreamingTV          0
StreamingMovies      0
Contract             0
PaperlessBilling     0
PaymentMethod        0
MonthlyCharges       0
TotalCharges        10
Sim_Providers        0
dtype: int64
2026-02-03 21:36:57,077 - INFO - After imputation:
gender              0
SeniorCitizen       0
Partner             0
Dependents          0
tenure              0
PhoneService        0
MultipleLines       0
InternetService     0
OnlineSecurity      0
OnlineBackup        0
DeviceProtection    0
TechSupport         0
StreamingTV         0
StreamingMovies     0
Contract            0
PaperlessBilling    0
PaymentMethod       0
MonthlyCharges      0
TotalCharges        0
Sim_Providers       0
dtype: int64
2026-02-03 21:36:57,080 - INFO - After imputation:
gender              0
SeniorCitizen       0
Partner             0
Dependents          0
tenure              0
PhoneService        0
MultipleLines       0
InternetService     0
OnlineSecurity      0
OnlineBackup        0
DeviceProtection    0
TechSupport         0
StreamingTV         0
StreamingMovies     0
Contract            0
PaperlessBilling    0
PaymentMethod       0
MonthlyCharges      0
TotalCharges        0
Sim_Providers       0
dtype: int64
2026-02-03 21:36:57,082 - INFO - X_train_num shape before transformation : (5634, 4)
2026-02-03 21:36:57,082 - INFO - X_train_cat shapebefore transformation : (5634, 16)
2026-02-03 21:36:57,082 - INFO - X_train_cat columnsbefore transformation : Index(['gender', 'Partner', 'Dependents', 'PhoneService', 'MultipleLines',
       'InternetService', 'OnlineSecurity', 'OnlineBackup', 'DeviceProtection',
       'TechSupport', 'StreamingTV', 'StreamingMovies', 'Contract',
       'PaperlessBilling', 'PaymentMethod', 'Sim_Providers'],
      dtype='str')
2026-02-03 21:36:57,226 - INFO - X_train_num shape after transformation : (5634, 4)
2026-02-03 21:36:57,226 - INFO - X_train_cat shape after transformation : (5634, 16)
2026-02-03 21:36:57,226 - INFO - x_train_num columns : Index(['tenure', 'MonthlyCharges', 'SeniorCitizen_log', 'TotalCharges_yeo'], dtype='str')
2026-02-03 21:36:57,229 - INFO -  X_train_cat  gender              0
Partner             0
Dependents          0
PhoneService        0
MultipleLines       0
InternetService     0
OnlineSecurity      0
OnlineBackup        0
DeviceProtection    0
TechSupport         0
StreamingTV         0
StreamingMovies     0
Contract            0
PaperlessBilling    0
PaymentMethod       0
Sim_Providers       0
dtype: int64
2026-02-03 21:36:57,231 - INFO -  X_test_cat  gender              0
Partner             0
Dependents          0
PhoneService        0
MultipleLines       0
InternetService     0
OnlineSecurity      0
OnlineBackup        0
DeviceProtection    0
TechSupport         0
StreamingTV         0
StreamingMovies     0
Contract            0
PaperlessBilling    0
PaymentMethod       0
Sim_Providers       0
dtype: int64
2026-02-03 21:36:57,231 - INFO -  X_train_num  tenure               0
MonthlyCharges       0
SeniorCitizen_log    0
TotalCharges_yeo     0
dtype: int64
2026-02-03 21:36:57,232 - INFO -  X_test_num  tenure               0
MonthlyCharges       0
SeniorCitizen_log    0
TotalCharges_yeo     0
dtype: int64
2026-02-03 21:36:57,232 - INFO - Starting outlier plotting for all methods
2026-02-03 21:37:03,181 - INFO - Applying IQR capping to actual data
2026-02-03 21:37:04,307 - INFO - Outlier handling applied to training data
2026-02-03 21:37:04,308 - INFO - X_train columns shape: Index(['SeniorCitizen_iqr', 'tenure_iqr', 'MonthlyCharges_iqr',
       'TotalCharges_iqr'],
      dtype='str')
2026-02-03 21:37:04,308 - INFO - X_test columns : Index(['SeniorCitizen_iqr', 'tenure_iqr', 'MonthlyCharges_iqr',
       'TotalCharges_iqr'],
      dtype='str')
2026-02-03 21:37:04,308 - INFO - All outlier plots generated successfully
2026-02-03 21:37:04,314 - INFO - Feature selection completed
2026-02-03 21:37:04,314 - INFO - Final selected features : Index(['tenure_iqr', 'MonthlyCharges_iqr', 'TotalCharges_iqr'], dtype='str')
2026-02-03 21:37:04,315 - INFO - datatype of numerical columns : tenure_iqr            float64
MonthlyCharges_iqr    float64
TotalCharges_iqr      float64
dtype: object
2026-02-03 21:37:04,315 - INFO - Before Converting into Numeircal
2026-02-03 21:37:04,315 - INFO - Index(['gender', 'Partner', 'Dependents', 'PhoneService', 'MultipleLines',
       'InternetService', 'OnlineSecurity', 'OnlineBackup', 'DeviceProtection',
       'TechSupport', 'StreamingTV', 'StreamingMovies', 'Contract',
       'PaperlessBilling', 'PaymentMethod', 'Sim_Providers'],
      dtype='str')
2026-02-03 21:37:04,319 - INFO - gender              0
Partner             0
Dependents          0
PhoneService        0
MultipleLines       0
InternetService     0
OnlineSecurity      0
OnlineBackup        0
DeviceProtection    0
TechSupport         0
StreamingTV         0
StreamingMovies     0
Contract            0
PaperlessBilling    0
PaymentMethod       0
Sim_Providers       0
dtype: int64
2026-02-03 21:37:04,319 - INFO - Before Converting into Numeircal
2026-02-03 21:37:04,319 - INFO - Index(['gender', 'Partner', 'Dependents', 'PhoneService', 'MultipleLines',
       'InternetService', 'OnlineSecurity', 'OnlineBackup', 'DeviceProtection',
       'TechSupport', 'StreamingTV', 'StreamingMovies', 'Contract',
       'PaperlessBilling', 'PaymentMethod', 'Sim_Providers'],
      dtype='str')
2026-02-03 21:37:04,320 - INFO - gender              0
Partner             0
Dependents          0
PhoneService        0
MultipleLines       0
InternetService     0
OnlineSecurity      0
OnlineBackup        0
DeviceProtection    0
TechSupport         0
StreamingTV         0
StreamingMovies     0
Contract            0
PaperlessBilling    0
PaymentMethod       0
Sim_Providers       0
dtype: int64
2026-02-03 21:37:04,467 - INFO - After Converting into Numeircal
2026-02-03 21:37:04,468 - INFO - Index(['gender_Male', 'Partner_Yes', 'Dependents_Yes', 'PhoneService_Yes',
       'MultipleLines_No phone service', 'MultipleLines_Yes',
       'OnlineSecurity_No internet service', 'OnlineSecurity_Yes',
       'OnlineBackup_No internet service', 'OnlineBackup_Yes',
       'DeviceProtection_No internet service', 'DeviceProtection_Yes',
       'TechSupport_No internet service', 'TechSupport_Yes',
       'StreamingTV_No internet service', 'StreamingTV_Yes',
       'StreamingMovies_No internet service', 'StreamingMovies_Yes',
       'PaperlessBilling_Yes', 'Sim_Providers_BSNL', 'Sim_Providers_Jio',
       'Sim_Providers_Vodafone', 'InternetService_Od', 'Contract_Od',
       'PaymentMethod_Od'],
      dtype='str')
2026-02-03 21:37:04,468 - INFO - gender_Male                             0
Partner_Yes                             0
Dependents_Yes                          0
PhoneService_Yes                        0
MultipleLines_No phone service          0
MultipleLines_Yes                       0
OnlineSecurity_No internet service      0
OnlineSecurity_Yes                      0
OnlineBackup_No internet service        0
OnlineBackup_Yes                        0
DeviceProtection_No internet service    0
DeviceProtection_Yes                    0
TechSupport_No internet service         0
TechSupport_Yes                         0
StreamingTV_No internet service         0
StreamingTV_Yes                         0
StreamingMovies_No internet service     0
StreamingMovies_Yes                     0
PaperlessBilling_Yes                    0
Sim_Providers_BSNL                      0
Sim_Providers_Jio                       0
Sim_Providers_Vodafone                  0
InternetService_Od                      0
Contract_Od                             0
PaymentMethod_Od                        0
dtype: int64
2026-02-03 21:37:04,469 - INFO - After Converting into Numeircal
2026-02-03 21:37:04,469 - INFO - Index(['gender_Male', 'Partner_Yes', 'Dependents_Yes', 'PhoneService_Yes',
       'MultipleLines_No phone service', 'MultipleLines_Yes',
       'OnlineSecurity_No internet service', 'OnlineSecurity_Yes',
       'OnlineBackup_No internet service', 'OnlineBackup_Yes',
       'DeviceProtection_No internet service', 'DeviceProtection_Yes',
       'TechSupport_No internet service', 'TechSupport_Yes',
       'StreamingTV_No internet service', 'StreamingTV_Yes',
       'StreamingMovies_No internet service', 'StreamingMovies_Yes',
       'PaperlessBilling_Yes', 'Sim_Providers_BSNL', 'Sim_Providers_Jio',
       'Sim_Providers_Vodafone', 'InternetService_Od', 'Contract_Od',
       'PaymentMethod_Od'],
      dtype='str')
2026-02-03 21:37:04,469 - INFO - gender_Male                             0
Partner_Yes                             0
Dependents_Yes                          0
PhoneService_Yes                        0
MultipleLines_No phone service          0
MultipleLines_Yes                       0
OnlineSecurity_No internet service      0
OnlineSecurity_Yes                      0
OnlineBackup_No internet service        0
OnlineBackup_Yes                        0
DeviceProtection_No internet service    0
DeviceProtection_Yes                    0
TechSupport_No internet service         0
TechSupport_Yes                         0
StreamingTV_No internet service         0
StreamingTV_Yes                         0
StreamingMovies_No internet service     0
StreamingMovies_Yes                     0
PaperlessBilling_Yes                    0
Sim_Providers_BSNL                      0
Sim_Providers_Jio                       0
Sim_Providers_Vodafone                  0
InternetService_Od                      0
Contract_Od                             0
PaymentMethod_Od                        0
dtype: int64
2026-02-03 21:37:04,470 - INFO - Final Training data
2026-02-03 21:37:04,470 - INFO - Index(['tenure_iqr', 'MonthlyCharges_iqr', 'TotalCharges_iqr', 'gender_Male',
       'Partner_Yes', 'Dependents_Yes', 'PhoneService_Yes',
       'MultipleLines_No phone service', 'MultipleLines_Yes',
       'OnlineSecurity_No internet service', 'OnlineSecurity_Yes',
       'OnlineBackup_No internet service', 'OnlineBackup_Yes',
       'DeviceProtection_No internet service', 'DeviceProtection_Yes',
       'TechSupport_No internet service', 'TechSupport_Yes',
       'StreamingTV_No internet service', 'StreamingTV_Yes',
       'StreamingMovies_No internet service', 'StreamingMovies_Yes',
       'PaperlessBilling_Yes', 'Sim_Providers_BSNL', 'Sim_Providers_Jio',
       'Sim_Providers_Vodafone', 'InternetService_Od', 'Contract_Od',
       'PaymentMethod_Od'],
      dtype='str')
2026-02-03 21:37:04,495 - INFO -       tenure_iqr  MonthlyCharges_iqr  TotalCharges_iqr  gender_Male  Partner_Yes  ...  Sim_Providers_Jio  Sim_Providers_Vodafone  InternetService_Od  Contract_Od  PaymentMethod_Od
2600        33.0               95.00           3008.15          0.0          1.0  ...                1.0                     0.0                 1.0          0.0               1.0
472         69.0              104.05           7262.00          1.0          0.0  ...                0.0                     0.0                 1.0          1.0               0.0
4546         2.0               20.05             42.70          1.0          0.0  ...                0.0                     1.0                 2.0          0.0               3.0
3288         3.0               75.50            220.60          0.0          0.0  ...                0.0                     0.0                 1.0          0.0               2.0
2803        37.0               24.10            861.85          0.0          1.0  ...                1.0                     0.0                 2.0          2.0               0.0
3175        63.0               75.70           4676.70          1.0          1.0  ...                0.0                     0.0                 0.0          2.0               3.0
2421         8.0               19.20            161.95          0.0          0.0  ...                0.0                     0.0                 2.0          1.0               3.0
4419         1.0               25.70             25.70          0.0          0.0  ...                1.0                     0.0                 2.0          0.0               2.0
3168         9.0               20.15            163.70          1.0          0.0  ...                0.0                     1.0                 2.0          1.0               3.0
4258        55.0               73.10           4144.90          0.0          0.0  ...                1.0                     0.0                 1.0          0.0               2.0

[10 rows x 28 columns]
2026-02-03 21:37:04,497 - INFO - tenure_iqr                              0
MonthlyCharges_iqr                      0
TotalCharges_iqr                        0
gender_Male                             0
Partner_Yes                             0
Dependents_Yes                          0
PhoneService_Yes                        0
MultipleLines_No phone service          0
MultipleLines_Yes                       0
OnlineSecurity_No internet service      0
OnlineSecurity_Yes                      0
OnlineBackup_No internet service        0
OnlineBackup_Yes                        0
DeviceProtection_No internet service    0
DeviceProtection_Yes                    0
TechSupport_No internet service         0
TechSupport_Yes                         0
StreamingTV_No internet service         0
StreamingTV_Yes                         0
StreamingMovies_No internet service     0
StreamingMovies_Yes                     0
PaperlessBilling_Yes                    0
Sim_Providers_BSNL                      0
Sim_Providers_Jio                       0
Sim_Providers_Vodafone                  0
InternetService_Od                      0
Contract_Od                             0
PaymentMethod_Od                        0
dtype: int64
2026-02-03 21:37:04,497 - INFO - Final Testing data
2026-02-03 21:37:04,497 - INFO - Index(['tenure_iqr', 'MonthlyCharges_iqr', 'TotalCharges_iqr', 'gender_Male',
       'Partner_Yes', 'Dependents_Yes', 'PhoneService_Yes',
       'MultipleLines_No phone service', 'MultipleLines_Yes',
       'OnlineSecurity_No internet service', 'OnlineSecurity_Yes',
       'OnlineBackup_No internet service', 'OnlineBackup_Yes',
       'DeviceProtection_No internet service', 'DeviceProtection_Yes',
       'TechSupport_No internet service', 'TechSupport_Yes',
       'StreamingTV_No internet service', 'StreamingTV_Yes',
       'StreamingMovies_No internet service', 'StreamingMovies_Yes',
       'PaperlessBilling_Yes', 'Sim_Providers_BSNL', 'Sim_Providers_Jio',
       'Sim_Providers_Vodafone', 'InternetService_Od', 'Contract_Od',
       'PaymentMethod_Od'],
      dtype='str')
2026-02-03 21:37:04,525 - INFO -       tenure_iqr  MonthlyCharges_iqr  TotalCharges_iqr  gender_Male  Partner_Yes  ...  Sim_Providers_Jio  Sim_Providers_Vodafone  InternetService_Od  Contract_Od  PaymentMethod_Od
1026        61.0               88.10           5526.75          0.0          1.0  ...                0.0                     0.0                 0.0          2.0               3.0
1223        27.0               59.45           1611.65          1.0          0.0  ...                0.0                     0.0                 0.0          0.0               2.0
274         71.0               25.00           1753.00          0.0          1.0  ...                0.0                     1.0                 2.0          2.0               0.0
1222        40.0               50.15           2058.50          1.0          1.0  ...                0.0                     0.0                 0.0          0.0               3.0
1147         2.0               74.90            147.15          0.0          0.0  ...                0.0                     0.0                 1.0          0.0               1.0
1386         1.0               79.20             79.20          0.0          0.0  ...                0.0                     0.0                 1.0          0.0               2.0
118         26.0               44.45           1183.80          0.0          0.0  ...                0.0                     1.0                 0.0          0.0               1.0
1401         1.0               73.65             73.65          1.0          0.0  ...                0.0                     0.0                 1.0          0.0               2.0
1109         1.0              100.80            100.80          0.0          1.0  ...                0.0                     0.0                 1.0          0.0               2.0
935         70.0               80.60           5460.20          0.0          1.0  ...                0.0                     0.0                 0.0          2.0               0.0

[10 rows x 28 columns]
2026-02-03 21:37:04,526 - INFO - tenure_iqr                              0
MonthlyCharges_iqr                      0
TotalCharges_iqr                        0
gender_Male                             0
Partner_Yes                             0
Dependents_Yes                          0
PhoneService_Yes                        0
MultipleLines_No phone service          0
MultipleLines_Yes                       0
OnlineSecurity_No internet service      0
OnlineSecurity_Yes                      0
OnlineBackup_No internet service        0
OnlineBackup_Yes                        0
DeviceProtection_No internet service    0
DeviceProtection_Yes                    0
TechSupport_No internet service         0
TechSupport_Yes                         0
StreamingTV_No internet service         0
StreamingTV_Yes                         0
StreamingMovies_No internet service     0
StreamingMovies_Yes                     0
PaperlessBilling_Yes                    0
Sim_Providers_BSNL                      0
Sim_Providers_Jio                       0
Sim_Providers_Vodafone                  0
InternetService_Od                      0
Contract_Od                             0
PaymentMethod_Od                        0
dtype: int64
2026-02-03 21:37:04,526 - INFO - (5634, 28)
2026-02-03 21:37:04,526 - INFO - (1409, 28)
2026-02-03 21:37:04,526 - INFO - (5634,)
2026-02-03 21:37:04,526 - INFO - 
2142    0
1623    0
6074    1
1362    1
6754    0
2026-02-03 21:37:07,512 - INFO - Data balancing and scaling completed successfully
